<?xml version="1.0" encoding="UTF-8"?>
<!-- Generated by org.testng.reporters.JUnitXMLReporter -->
<testsuite ignored="0" hostname="Prince" failures="0" tests="3" name="Submit Order Test" time="58.557" errors="0" timestamp="2025-07-07T18:44:25 EDT">
  <testcase classname="Practice.SeleniumFrameworkDesign.tests.SubmitOrderTest" name="submitOrder" time="15.263"/>
  <testcase classname="Practice.SeleniumFrameworkDesign.tests.SubmitOrderTest" name="submitOrder" time="15.044"/>
  <testcase classname="Practice.SeleniumFrameworkDesign.tests.SubmitOrderTest" name="OrderHistoryTest" time="11.007"/>
</testsuite> <!-- Submit Order Test -->
